# JRE version: 7.0_09-b05
# Java VM: Java HotSpot(TM) 64-Bit Server VM (23.5-b02 mixed mode windows-amd64 compressed oops)
Heap
 PSYoungGen      total 834880K, used 170129K [0x00000007aae00000, 0x00000007df7b0000, 0x0000000800000000)
  eden space 829376K, 19% used [0x00000007aae00000,0x00000007b4ec48e8,0x00000007dd7f0000)
  from space 5504K, 99% used [0x00000007de450000,0x00000007de9afc70,0x00000007de9b0000)
  to   space 12672K, 0% used [0x00000007dd7f0000,0x00000007dd7f0000,0x00000007de450000)
 ParOldGen       total 174336K, used 43754K [0x0000000700a00000, 0x000000070b440000, 0x00000007aae00000)
  object space 174336K, 25% used [0x0000000700a00000,0x00000007034bab50,0x000000070b440000)
 PSPermGen       total 22208K, used 22061K [0x00000006fb800000, 0x00000006fcdb0000, 0x0000000700a00000)
  object space 22208K, 99% used [0x00000006fb800000,0x00000006fcd8b670,0x00000006fcdb0000)
GC Heap History (10 events):
Event: 4.293 GC heap before
{Heap before GC invocations=6 (full 0):
 PSYoungGen      total 141696K, used 134754K [0x00000007aae00000, 0x00000007bb640000, 0x0000000800000000)
  eden space 130816K, 100% used [0x00000007aae00000,0x00000007b2dc0000,0x00000007b2dc0000)
  from space 10880K, 36% used [0x00000007b2dc0000,0x00000007b3198aa8,0x00000007b3860000)
  to   space 4480K, 0% used [0x00000007bb1e0000,0x00000007bb1e0000,0x00000007bb640000)
 ParOldGen       total 174336K, used 20576K [0x0000000700a00000, 0x000000070b440000, 0x00000007aae00000)
  object space 174336K, 11% used [0x0000000700a00000,0x0000000701e18030,0x000000070b440000)
 PSPermGen       total 21248K, used 19851K [0x00000006fb800000, 0x00000006fccc0000, 0x0000000700a00000)
  object space 21248K, 93% used [0x00000006fb800000,0x00000006fcb62d00,0x00000006fccc0000)
Event: 4.299 GC heap after
Heap after GC invocations=6 (full 0):
 PSYoungGen      total 266048K, used 4034K [0x00000007aae00000, 0x00000007bb660000, 0x0000000800000000)
  eden space 261568K, 0% used [0x00000007aae00000,0x00000007aae00000,0x00000007bad70000)
  from space 4480K, 90% used [0x00000007bb1e0000,0x00000007bb5d0a88,0x00000007bb640000)
  to   space 4544K, 0% used [0x00000007bad70000,0x00000007bad70000,0x00000007bb1e0000)
 ParOldGen       total 174336K, used 20584K [0x0000000700a00000, 0x000000070b440000, 0x00000007aae00000)
  object space 174336K, 11% used [0x0000000700a00000,0x0000000701e1a030,0x000000070b440000)
 PSPermGen       total 21248K, used 19851K [0x00000006fb800000, 0x00000006fccc0000, 0x0000000700a00000)
  object space 21248K, 93% used [0x00000006fb800000,0x00000006fcb62d00,0x00000006fccc0000)
}
Event: 106.886 GC heap before
{Heap before GC invocations=7 (full 0):
 PSYoungGen      total 266048K, used 265602K [0x00000007aae00000, 0x00000007bb660000, 0x0000000800000000)
  eden space 261568K, 100% used [0x00000007aae00000,0x00000007bad70000,0x00000007bad70000)
  from space 4480K, 90% used [0x00000007bb1e0000,0x00000007bb5d0a88,0x00000007bb640000)
  to   space 4544K, 0% used [0x00000007bad70000,0x00000007bad70000,0x00000007bb1e0000)
 ParOldGen       total 174336K, used 20584K [0x0000000700a00000, 0x000000070b440000, 0x00000007aae00000)
  object space 174336K, 11% used [0x0000000700a00000,0x0000000701e1a030,0x000000070b440000)
 PSPermGen       total 21248K, used 19992K [0x00000006fb800000, 0x00000006fccc0000, 0x0000000700a00000)
  object space 21248K, 94% used [0x00000006fb800000,0x00000006fcb86378,0x00000006fccc0000)
Event: 106.893 GC heap after
Heap after GC invocations=7 (full 0):
 PSYoungGen      total 266112K, used 1346K [0x00000007aae00000, 0x00000007cb6a0000, 0x0000000800000000)
  eden space 261568K, 0% used [0x00000007aae00000,0x00000007aae00000,0x00000007bad70000)
  from space 4544K, 29% used [0x00000007bad70000,0x00000007baec0a88,0x00000007bb1e0000)
  to   space 4992K, 0% used [0x00000007cb1c0000,0x00000007cb1c0000,0x00000007cb6a0000)
 ParOldGen       total 174336K, used 23341K [0x0000000700a00000, 0x000000070b440000, 0x00000007aae00000)
  object space 174336K, 13% used [0x0000000700a00000,0x00000007020cb488,0x000000070b440000)
 PSPermGen       total 21248K, used 19992K [0x00000006fb800000, 0x00000006fccc0000, 0x0000000700a00000)
  object space 21248K, 94% used [0x00000006fb800000,0x00000006fcb86378,0x00000006fccc0000)
}
Event: 120.168 GC heap before
{Heap before GC invocations=8 (full 0):
 PSYoungGen      total 266112K, used 262914K [0x00000007aae00000, 0x00000007cb6a0000, 0x0000000800000000)
  eden space 261568K, 100% used [0x00000007aae00000,0x00000007bad70000,0x00000007bad70000)
  from space 4544K, 29% used [0x00000007bad70000,0x00000007baec0a88,0x00000007bb1e0000)
  to   space 4992K, 0% used [0x00000007cb1c0000,0x00000007cb1c0000,0x00000007cb6a0000)
 ParOldGen       total 174336K, used 23341K [0x0000000700a00000, 0x000000070b440000, 0x00000007aae00000)
  object space 174336K, 13% used [0x0000000700a00000,0x00000007020cb488,0x000000070b440000)
 PSPermGen       total 21248K, used 20770K [0x00000006fb800000, 0x00000006fccc0000, 0x0000000700a00000)
  object space 21248K, 97% used [0x00000006fb800000,0x00000006fcc48860,0x00000006fccc0000)
Event: 120.172 GC heap after
Heap after GC invocations=8 (full 0):
 PSYoungGen      total 527808K, used 4565K [0x00000007aae00000, 0x00000007cb740000, 0x0000000800000000)
  eden space 522816K, 0% used [0x00000007aae00000,0x00000007aae00000,0x00000007cac90000)
  from space 4992K, 91% used [0x00000007cb1c0000,0x00000007cb6354f0,0x00000007cb6a0000)
  to   space 5312K, 0% used [0x00000007cac90000,0x00000007cac90000,0x00000007cb1c0000)
 ParOldGen       total 174336K, used 25467K [0x0000000700a00000, 0x000000070b440000, 0x00000007aae00000)
  object space 174336K, 14% used [0x0000000700a00000,0x00000007022deed8,0x000000070b440000)
 PSPermGen       total 21248K, used 20770K [0x00000006fb800000, 0x00000006fccc0000, 0x0000000700a00000)
  object space 21248K, 97% used [0x00000006fb800000,0x00000006fcc48860,0x00000006fccc0000)
}
Event: 324.287 GC heap before
{Heap before GC invocations=9 (full 0):
 PSYoungGen      total 527808K, used 527381K [0x00000007aae00000, 0x00000007cb740000, 0x0000000800000000)
  eden space 522816K, 100% used [0x00000007aae00000,0x00000007cac90000,0x00000007cac90000)
  from space 4992K, 91% used [0x00000007cb1c0000,0x00000007cb6354f0,0x00000007cb6a0000)
  to   space 5312K, 0% used [0x00000007cac90000,0x00000007cac90000,0x00000007cb1c0000)
 ParOldGen       total 174336K, used 25467K [0x0000000700a00000, 0x000000070b440000, 0x00000007aae00000)
  object space 174336K, 14% used [0x0000000700a00000,0x00000007022deed8,0x000000070b440000)
 PSPermGen       total 21248K, used 21135K [0x00000006fb800000, 0x00000006fccc0000, 0x0000000700a00000)
  object space 21248K, 99% used [0x00000006fb800000,0x00000006fcca3c50,0x00000006fccc0000)
Event: 324.290 GC heap after
Heap after GC invocations=9 (full 0):
 PSYoungGen      total 528128K, used 1494K [0x00000007aae00000, 0x00000007de9b0000, 0x0000000800000000)
  eden space 522816K, 0% used [0x00000007aae00000,0x00000007aae00000,0x00000007cac90000)
  from space 5312K, 28% used [0x00000007cac90000,0x00000007cae05b78,0x00000007cb1c0000)
  to   space 5504K, 0% used [0x00000007de450000,0x00000007de450000,0x00000007de9b0000)
 ParOldGen       total 174336K, used 25865K [0x0000000700a00000, 0x000000070b440000, 0x00000007aae00000)
  object space 174336K, 14% used [0x0000000700a00000,0x00000007023427b0,0x000000070b440000)
 PSPermGen       total 21248K, used 21135K [0x00000006fb800000, 0x00000006fccc0000, 0x0000000700a00000)
  object space 21248K, 99% used [0x00000006fb800000,0x00000006fcca3c50,0x00000006fccc0000)
}
Event: 687.088 GC heap before
{Heap before GC invocations=10 (full 0):
 PSYoungGen      total 528128K, used 524310K [0x00000007aae00000, 0x00000007de9b0000, 0x0000000800000000)
  eden space 522816K, 100% used [0x00000007aae00000,0x00000007cac90000,0x00000007cac90000)
  from space 5312K, 28% used [0x00000007cac90000,0x00000007cae05b78,0x00000007cb1c0000)
  to   space 5504K, 0% used [0x00000007de450000,0x00000007de450000,0x00000007de9b0000)
 ParOldGen       total 174336K, used 25865K [0x0000000700a00000, 0x000000070b440000, 0x00000007aae00000)
  object space 174336K, 14% used [0x0000000700a00000,0x00000007023427b0,0x000000070b440000)
 PSPermGen       total 21824K, used 21657K [0x00000006fb800000, 0x00000006fcd50000, 0x0000000700a00000)
  object space 21824K, 99% used [0x00000006fb800000,0x00000006fcd26668,0x00000006fcd50000)
Event: 687.098 GC heap after
Heap after GC invocations=10 (full 0):
 PSYoungGen      total 834880K, used 5503K [0x00000007aae00000, 0x00000007df7b0000, 0x0000000800000000)
  eden space 829376K, 0% used [0x00000007aae00000,0x00000007aae00000,0x00000007dd7f0000)
  from space 5504K, 99% used [0x00000007de450000,0x00000007de9afc70,0x00000007de9b0000)
  to   space 12672K, 0% used [0x00000007dd7f0000,0x00000007dd7f0000,0x00000007de450000)
 ParOldGen       total 174336K, used 43754K [0x0000000700a00000, 0x000000070b440000, 0x00000007aae00000)
  object space 174336K, 25% used [0x0000000700a00000,0x00000007034bab50,0x000000070b440000)
 PSPermGen       total 21824K, used 21657K [0x00000006fb800000, 0x00000006fcd50000, 0x0000000700a00000)
  object space 21824K, 99% used [0x00000006fb800000,0x00000006fcd26668,0x00000006fcd50000)
}

