# JRE version: 7.0_07-b11
# Java VM: Java HotSpot(TM) 64-Bit Server VM (23.3-b01 mixed mode windows-amd64 compressed oops)
Heap
 PSYoungGen      total 132736K, used 72742K [0x00000000ead60000, 0x00000000f32a0000, 0x0000000100000000)
  eden space 129792K, 55% used [0x00000000ead60000,0x00000000ef3b98b8,0x00000000f2c20000)
  from space 2944K, 23% used [0x00000000f2f40000,0x00000000f2ff0000,0x00000000f3220000)
  to   space 3200K, 0% used [0x00000000f2c20000,0x00000000f2c20000,0x00000000f2f40000)
 ParOldGen       total 43392K, used 22738K [0x00000000c0800000, 0x00000000c3260000, 0x00000000ead60000)
  object space 43392K, 52% used [0x00000000c0800000,0x00000000c1e348c0,0x00000000c3260000)
 PSPermGen       total 21248K, used 19623K [0x00000000bb600000, 0x00000000bcac0000, 0x00000000c0800000)
  object space 21248K, 92% used [0x00000000bb600000,0x00000000bc929df8,0x00000000bcac0000)
GC Heap History (10 events):
Event: 2.285 GC heap before
{Heap before GC invocations=4 (full 0):
 PSYoungGen      total 18944K, used 18512K [0x00000000ead60000, 0x00000000ed260000, 0x0000000100000000)
  eden space 16256K, 100% used [0x00000000ead60000,0x00000000ebd40000,0x00000000ebd40000)
  from space 2688K, 83% used [0x00000000ebd40000,0x00000000ebf74010,0x00000000ebfe0000)
  to   space 2688K, 0% used [0x00000000ecfc0000,0x00000000ecfc0000,0x00000000ed260000)
 ParOldGen       total 43392K, used 72K [0x00000000c0800000, 0x00000000c3260000, 0x00000000ead60000)
  object space 43392K, 0% used [0x00000000c0800000,0x00000000c0812010,0x00000000c3260000)
 PSPermGen       total 21248K, used 15213K [0x00000000bb600000, 0x00000000bcac0000, 0x00000000c0800000)
  object space 21248K, 71% used [0x00000000bb600000,0x00000000bc4db6e0,0x00000000bcac0000)
Event: 2.300 GC heap after
Heap after GC invocations=4 (full 0):
 PSYoungGen      total 35200K, used 2272K [0x00000000ead60000, 0x00000000ed260000, 0x0000000100000000)
  eden space 32512K, 0% used [0x00000000ead60000,0x00000000ead60000,0x00000000ecd20000)
  from space 2688K, 84% used [0x00000000ecfc0000,0x00000000ed1f8000,0x00000000ed260000)
  to   space 2688K, 0% used [0x00000000ecd20000,0x00000000ecd20000,0x00000000ecfc0000)
 ParOldGen       total 43392K, used 72K [0x00000000c0800000, 0x00000000c3260000, 0x00000000ead60000)
  object space 43392K, 0% used [0x00000000c0800000,0x00000000c0812010,0x00000000c3260000)
 PSPermGen       total 21248K, used 15213K [0x00000000bb600000, 0x00000000bcac0000, 0x00000000c0800000)
  object space 21248K, 71% used [0x00000000bb600000,0x00000000bc4db6e0,0x00000000bcac0000)
}
Event: 2.405 GC heap before
{Heap before GC invocations=5 (full 0):
 PSYoungGen      total 35200K, used 25258K [0x00000000ead60000, 0x00000000ed260000, 0x0000000100000000)
  eden space 32512K, 70% used [0x00000000ead60000,0x00000000ec3d28b8,0x00000000ecd20000)
  from space 2688K, 84% used [0x00000000ecfc0000,0x00000000ed1f8000,0x00000000ed260000)
  to   space 2688K, 0% used [0x00000000ecd20000,0x00000000ecd20000,0x00000000ecfc0000)
 ParOldGen       total 43392K, used 72K [0x00000000c0800000, 0x00000000c3260000, 0x00000000ead60000)
  object space 43392K, 0% used [0x00000000c0800000,0x00000000c0812010,0x00000000c3260000)
 PSPermGen       total 21248K, used 15848K [0x00000000bb600000, 0x00000000bcac0000, 0x00000000c0800000)
  object space 21248K, 74% used [0x00000000bb600000,0x00000000bc57a378,0x00000000bcac0000)
Event: 2.416 GC heap after
Heap after GC invocations=5 (full 0):
 PSYoungGen      total 35200K, used 2625K [0x00000000ead60000, 0x00000000ef260000, 0x0000000100000000)
  eden space 32512K, 0% used [0x00000000ead60000,0x00000000ead60000,0x00000000ecd20000)
  from space 2688K, 97% used [0x00000000ecd20000,0x00000000ecfb05d0,0x00000000ecfc0000)
  to   space 2816K, 0% used [0x00000000eefa0000,0x00000000eefa0000,0x00000000ef260000)
 ParOldGen       total 43392K, used 72K [0x00000000c0800000, 0x00000000c3260000, 0x00000000ead60000)
  object space 43392K, 0% used [0x00000000c0800000,0x00000000c0812010,0x00000000c3260000)
 PSPermGen       total 21248K, used 15848K [0x00000000bb600000, 0x00000000bcac0000, 0x00000000c0800000)
  object space 21248K, 74% used [0x00000000bb600000,0x00000000bc57a378,0x00000000bcac0000)
}
Event: 2.515 GC heap before
{Heap before GC invocations=6 (full 0):
 PSYoungGen      total 35200K, used 35137K [0x00000000ead60000, 0x00000000ef260000, 0x0000000100000000)
  eden space 32512K, 100% used [0x00000000ead60000,0x00000000ecd20000,0x00000000ecd20000)
  from space 2688K, 97% used [0x00000000ecd20000,0x00000000ecfb05d0,0x00000000ecfc0000)
  to   space 2816K, 0% used [0x00000000eefa0000,0x00000000eefa0000,0x00000000ef260000)
 ParOldGen       total 43392K, used 72K [0x00000000c0800000, 0x00000000c3260000, 0x00000000ead60000)
  object space 43392K, 0% used [0x00000000c0800000,0x00000000c0812010,0x00000000c3260000)
 PSPermGen       total 21248K, used 15861K [0x00000000bb600000, 0x00000000bcac0000, 0x00000000c0800000)
  object space 21248K, 74% used [0x00000000bb600000,0x00000000bc57d680,0x00000000bcac0000)
Event: 2.533 GC heap after
Heap after GC invocations=6 (full 0):
 PSYoungGen      total 67712K, used 2336K [0x00000000ead60000, 0x00000000ef240000, 0x0000000100000000)
  eden space 65024K, 0% used [0x00000000ead60000,0x00000000ead60000,0x00000000eece0000)
  from space 2688K, 86% used [0x00000000eefa0000,0x00000000ef1e8020,0x00000000ef240000)
  to   space 2752K, 0% used [0x00000000eece0000,0x00000000eece0000,0x00000000eef90000)
 ParOldGen       total 43392K, used 10312K [0x00000000c0800000, 0x00000000c3260000, 0x00000000ead60000)
  object space 43392K, 23% used [0x00000000c0800000,0x00000000c1212020,0x00000000c3260000)
 PSPermGen       total 21248K, used 15861K [0x00000000bb600000, 0x00000000bcac0000, 0x00000000c0800000)
  object space 21248K, 74% used [0x00000000bb600000,0x00000000bc57d680,0x00000000bcac0000)
}
Event: 3.091 GC heap before
{Heap before GC invocations=7 (full 0):
 PSYoungGen      total 67712K, used 67360K [0x00000000ead60000, 0x00000000ef240000, 0x0000000100000000)
  eden space 65024K, 100% used [0x00000000ead60000,0x00000000eece0000,0x00000000eece0000)
  from space 2688K, 86% used [0x00000000eefa0000,0x00000000ef1e8020,0x00000000ef240000)
  to   space 2752K, 0% used [0x00000000eece0000,0x00000000eece0000,0x00000000eef90000)
 ParOldGen       total 43392K, used 10312K [0x00000000c0800000, 0x00000000c3260000, 0x00000000ead60000)
  object space 43392K, 23% used [0x00000000c0800000,0x00000000c1212020,0x00000000c3260000)
 PSPermGen       total 21248K, used 16814K [0x00000000bb600000, 0x00000000bcac0000, 0x00000000c0800000)
  object space 21248K, 79% used [0x00000000bb600000,0x00000000bc66b838,0x00000000bcac0000)
Event: 3.112 GC heap after
Heap after GC invocations=7 (full 0):
 PSYoungGen      total 67776K, used 1196K [0x00000000ead60000, 0x00000000f3220000, 0x0000000100000000)
  eden space 65024K, 0% used [0x00000000ead60000,0x00000000ead60000,0x00000000eece0000)
  from space 2752K, 43% used [0x00000000eece0000,0x00000000eee0b3f0,0x00000000eef90000)
  to   space 2944K, 0% used [0x00000000f2f40000,0x00000000f2f40000,0x00000000f3220000)
 ParOldGen       total 43392K, used 22722K [0x00000000c0800000, 0x00000000c3260000, 0x00000000ead60000)
  object space 43392K, 52% used [0x00000000c0800000,0x00000000c1e308c0,0x00000000c3260000)
 PSPermGen       total 21248K, used 16814K [0x00000000bb600000, 0x00000000bcac0000, 0x00000000c0800000)
  object space 21248K, 79% used [0x00000000bb600000,0x00000000bc66b838,0x00000000bcac0000)
}
Event: 3.322 GC heap before
{Heap before GC invocations=8 (full 0):
 PSYoungGen      total 67776K, used 66220K [0x00000000ead60000, 0x00000000f3220000, 0x0000000100000000)
  eden space 65024K, 100% used [0x00000000ead60000,0x00000000eece0000,0x00000000eece0000)
  from space 2752K, 43% used [0x00000000eece0000,0x00000000eee0b3f0,0x00000000eef90000)
  to   space 2944K, 0% used [0x00000000f2f40000,0x00000000f2f40000,0x00000000f3220000)
 ParOldGen       total 43392K, used 22722K [0x00000000c0800000, 0x00000000c3260000, 0x00000000ead60000)
  object space 43392K, 52% used [0x00000000c0800000,0x00000000c1e308c0,0x00000000c3260000)
 PSPermGen       total 21248K, used 16822K [0x00000000bb600000, 0x00000000bcac0000, 0x00000000c0800000)
  object space 21248K, 79% used [0x00000000bb600000,0x00000000bc66d920,0x00000000bcac0000)
Event: 3.325 GC heap after
Heap after GC invocations=8 (full 0):
 PSYoungGen      total 132736K, used 704K [0x00000000ead60000, 0x00000000f32a0000, 0x0000000100000000)
  eden space 129792K, 0% used [0x00000000ead60000,0x00000000ead60000,0x00000000f2c20000)
  from space 2944K, 23% used [0x00000000f2f40000,0x00000000f2ff0000,0x00000000f3220000)
  to   space 3200K, 0% used [0x00000000f2c20000,0x00000000f2c20000,0x00000000f2f40000)
 ParOldGen       total 43392K, used 22738K [0x00000000c0800000, 0x00000000c3260000, 0x00000000ead60000)
  object space 43392K, 52% used [0x00000000c0800000,0x00000000c1e348c0,0x00000000c3260000)
 PSPermGen       total 21248K, used 16822K [0x00000000bb600000, 0x00000000bcac0000, 0x00000000c0800000)
  object space 21248K, 79% used [0x00000000bb600000,0x00000000bc66d920,0x00000000bcac0000)
}

